<?xml version="1.0" encoding="UTF-8"?>
<!-- Generated by org.testng.reporters.JUnitReportReporter -->
<testsuite skipped="0" hostname="DESKTOP-QA7T95C" name="sdet.test.RegistrationPageTest" tests="1" failures="0" timestamp="2022-03-25T22:03:07 IST" time="29.942" errors="0">
  <testcase name="validateRegisterTest" time="29.942" classname="sdet.test.RegistrationPageTest"/>
  <system-out/>
</testsuite> <!-- sdet.test.RegistrationPageTest -->
