<?xml version="1.0" encoding="UTF-8"?>
<!-- Generated by org.testng.reporters.JUnitReportReporter -->
<testsuite skipped="0" hostname="DESKTOP-QA7T95C" name="sdet.test.LoginTest" tests="1" failures="0" timestamp="2022-03-19T21:57:12 IST" time="59.270" errors="0">
  <testcase name="validateLoginTest" time="59.270" classname="sdet.test.LoginTest"/>
  <system-out/>
</testsuite> <!-- sdet.test.LoginTest -->
